2026-01-17 12:37:39,993 - data_ingestion - DEBUG - Data loaded from https://raw.githubusercontent.com/vikashishere/Datasets/main/spam.csv
2026-01-17 12:37:39,996 - data_ingestion - DEBUG - Data preprocessing completed
2026-01-17 12:37:40,038 - data_ingestion - DEBUG - Train and test data saved to ./data\raw
2026-01-17 12:38:35,549 - data_ingestion - DEBUG - Data loaded from https://raw.githubusercontent.com/vikashishere/Datasets/main/spam.csv
2026-01-17 12:38:35,552 - data_ingestion - DEBUG - Data preprocessing completed
2026-01-17 12:38:35,608 - data_ingestion - DEBUG - Train and test data saved to ../data\raw
2026-01-17 18:32:10,744 - data_ingestion - DEBUG - Data loaded from https://raw.githubusercontent.com/vikashishere/Datasets/main/spam.csv
2026-01-17 18:32:10,750 - data_ingestion - DEBUG - Data preprocessing completed
2026-01-17 18:32:10,778 - data_ingestion - DEBUG - Train and test data saved to ../data\raw
2026-01-17 18:41:43,744 - data_ingestion - DEBUG - Data loaded from https://raw.githubusercontent.com/vikashishere/Datasets/main/spam.csv
2026-01-17 18:41:43,749 - data_ingestion - DEBUG - Data preprocessing completed
2026-01-17 18:41:43,773 - data_ingestion - DEBUG - Train and test data saved to ../data\raw
2026-01-17 18:47:31,930 - data_ingestion - DEBUG - Project root: D:\MLOPS END TO END\04-ML-PIPELINE\ML-PIPELINE
2026-01-17 18:47:31,931 - data_ingestion - DEBUG - Raw data dir: D:\MLOPS END TO END\04-ML-PIPELINE\ML-PIPELINE\data\raw
2026-01-17 18:47:32,805 - data_ingestion - DEBUG - Data loaded from https://raw.githubusercontent.com/vikashishere/Datasets/main/spam.csv
2026-01-17 18:47:32,809 - data_ingestion - DEBUG - Data preprocessing completed
2026-01-17 18:47:32,824 - data_ingestion - DEBUG - Train and test data saved to D:\MLOPS END TO END\04-ML-PIPELINE\ML-PIPELINE\data\raw
2026-01-17 18:47:53,733 - data_ingestion - DEBUG - Project root: D:\MLOPS END TO END\04-ML-PIPELINE\ML-PIPELINE
2026-01-17 18:47:53,734 - data_ingestion - DEBUG - Raw data dir: D:\MLOPS END TO END\04-ML-PIPELINE\ML-PIPELINE\data\raw
2026-01-17 18:47:54,833 - data_ingestion - DEBUG - Data loaded from https://raw.githubusercontent.com/vikashishere/Datasets/main/spam.csv
2026-01-17 18:47:54,837 - data_ingestion - DEBUG - Data preprocessing completed
2026-01-17 18:47:54,865 - data_ingestion - DEBUG - Train and test data saved to D:\MLOPS END TO END\04-ML-PIPELINE\ML-PIPELINE\data\raw
2026-01-17 19:41:33,449 - data_ingestion - DEBUG - Parameters loaded from params.yaml
2026-01-17 19:41:33,450 - data_ingestion - DEBUG - Project root: D:\MLOPS END TO END\04-ML-PIPELINE\ML-PIPELINE
2026-01-17 19:41:33,450 - data_ingestion - DEBUG - Raw data dir: D:\MLOPS END TO END\04-ML-PIPELINE\ML-PIPELINE\data\raw
2026-01-17 19:41:35,030 - data_ingestion - DEBUG - Data loaded from https://raw.githubusercontent.com/vikashishere/Datasets/main/spam.csv
2026-01-17 19:41:35,033 - data_ingestion - DEBUG - Data preprocessing completed
2026-01-17 19:41:35,058 - data_ingestion - DEBUG - Train and test data saved to D:\MLOPS END TO END\04-ML-PIPELINE\ML-PIPELINE\data\raw
2026-01-17 19:43:38,966 - data_ingestion - DEBUG - Parameters loaded from params.yaml
2026-01-17 19:43:38,967 - data_ingestion - DEBUG - Project root: D:\MLOPS END TO END\04-ML-PIPELINE\ML-PIPELINE
2026-01-17 19:43:38,967 - data_ingestion - DEBUG - Raw data dir: D:\MLOPS END TO END\04-ML-PIPELINE\ML-PIPELINE\data\raw
2026-01-17 19:43:40,650 - data_ingestion - DEBUG - Data loaded from https://raw.githubusercontent.com/vikashishere/Datasets/main/spam.csv
2026-01-17 19:43:40,653 - data_ingestion - DEBUG - Data preprocessing completed
2026-01-17 19:43:40,677 - data_ingestion - DEBUG - Train and test data saved to D:\MLOPS END TO END\04-ML-PIPELINE\ML-PIPELINE\data\raw
