2026-01-17 12:49:25,369 - feature_engineering - DEBUG - Data loaded and NaNs filled from ../data/interim/train_processed.csv
2026-01-17 12:49:25,376 - feature_engineering - DEBUG - Data loaded and NaNs filled from ../data/interim/test_processed.csv
2026-01-17 12:49:25,468 - feature_engineering - DEBUG - tfidf applied and data transformed
2026-01-17 12:49:25,646 - feature_engineering - DEBUG - Data saved to ../data\processed\train_tfidf.csv
2026-01-17 12:49:25,688 - feature_engineering - DEBUG - Data saved to ../data\processed\test_tfidf.csv
2026-01-17 18:53:41,713 - feature_engineering - DEBUG - Loading interim datasets
2026-01-17 18:53:41,724 - feature_engineering - DEBUG - Data loaded from D:\MLOPS END TO END\04-ML-PIPELINE\ML-PIPELINE\data\interim\train_processed.csv
2026-01-17 18:53:41,733 - feature_engineering - DEBUG - Data loaded from D:\MLOPS END TO END\04-ML-PIPELINE\ML-PIPELINE\data\interim\test_processed.csv
2026-01-17 18:53:41,794 - feature_engineering - DEBUG - TF-IDF transformation completed
2026-01-17 18:53:41,921 - feature_engineering - DEBUG - TF-IDF features saved to D:\MLOPS END TO END\04-ML-PIPELINE\ML-PIPELINE\data\processed
2026-01-17 19:41:37,057 - feature_engineering - DEBUG - Parameters loaded from params.yaml
2026-01-17 19:41:37,058 - feature_engineering - DEBUG - Loading interim datasets
2026-01-17 19:41:37,069 - feature_engineering - DEBUG - Data loaded from D:\MLOPS END TO END\04-ML-PIPELINE\ML-PIPELINE\data\interim\train_processed.csv
2026-01-17 19:41:37,077 - feature_engineering - DEBUG - Data loaded from D:\MLOPS END TO END\04-ML-PIPELINE\ML-PIPELINE\data\interim\test_processed.csv
2026-01-17 19:41:37,128 - feature_engineering - DEBUG - TF-IDF transformation completed
2026-01-17 19:41:37,211 - feature_engineering - DEBUG - TF-IDF features saved to D:\MLOPS END TO END\04-ML-PIPELINE\ML-PIPELINE\data\processed
2026-01-17 19:43:46,598 - feature_engineering - DEBUG - Parameters loaded from params.yaml
2026-01-17 19:43:46,599 - feature_engineering - DEBUG - Loading interim datasets
2026-01-17 19:43:46,612 - feature_engineering - DEBUG - Data loaded from D:\MLOPS END TO END\04-ML-PIPELINE\ML-PIPELINE\data\interim\train_processed.csv
2026-01-17 19:43:46,615 - feature_engineering - DEBUG - Data loaded from D:\MLOPS END TO END\04-ML-PIPELINE\ML-PIPELINE\data\interim\test_processed.csv
2026-01-17 19:43:46,665 - feature_engineering - DEBUG - TF-IDF transformation completed
2026-01-17 19:43:46,784 - feature_engineering - DEBUG - TF-IDF features saved to D:\MLOPS END TO END\04-ML-PIPELINE\ML-PIPELINE\data\processed
2026-01-17 19:52:40,912 - feature_engineering - DEBUG - Parameters loaded from params.yaml
2026-01-17 19:52:40,913 - feature_engineering - DEBUG - Loading interim datasets
2026-01-17 19:52:40,924 - feature_engineering - DEBUG - Data loaded from D:\MLOPS END TO END\04-ML-PIPELINE\ML-PIPELINE\data\interim\train_processed.csv
2026-01-17 19:52:40,928 - feature_engineering - DEBUG - Data loaded from D:\MLOPS END TO END\04-ML-PIPELINE\ML-PIPELINE\data\interim\test_processed.csv
2026-01-17 19:52:40,981 - feature_engineering - DEBUG - TF-IDF transformation completed
2026-01-17 19:52:41,117 - feature_engineering - DEBUG - TF-IDF features saved to D:\MLOPS END TO END\04-ML-PIPELINE\ML-PIPELINE\data\processed
